BOM's for JAVA EE v.7
:compileJava UP-TO-DATE
:processResources UP-TO-DATE
:classes UP-TO-DATE
:compileTestJava
:processTestResources
:testClasses
:test

org.eu.ingwar.tools.arquillian.extension.suite.extra.ExtensionExtraEjbTest STANDARD_OUT
    (E) ManagerProcessing
    	(O) LoadableExtensionLoader.load
    DEBUG org.reflections.Reflections: going to scan these urls:
    	file:/home/vlad/tmp/xxx/arquillian-suite-gradle/target/build/classes/test/
    	file:/home/vlad/tmp/xxx/arquillian-suite-gradle/target/build/resources/test/

    INFO  org.reflections.Reflections: Reflections took 153 ms to scan 2 urls, producing 8 keys and 16 values 
    	(E) ServiceRegistryLoader
    DEBUG org.jboss.logging: Logging Provider: org.jboss.logging.Log4jLoggerProvider
    (E) ManagerStarted
    	(O) ConfigurationRegistrar.loadConfiguration
    	(E) ArquillianDescriptorImpl
    		(O) ContainerRegistryCreator.createRegistry
    		(E) LocalContainerRegistry
    		(O) ProtocolRegistryCreator.createRegistry
    		(E) ProtocolRegistry
    (E) BeforeSuite
    	(I) TestContextHandler.createSuiteContext
    	(O) ContainerEventController.execute
    	(E) SetupContainers
    		(O) ClientDeployerCreator.createClientSideDeployer
    		(E) ClientDeployer
    		(O) ClientContainerControllerCreator.createClientSideContainerController
    		(E) ClientContainerController
    		(O) ContainerLifecycleController.setupContainers
    		(E) SetupContainer
    			(I) ContainerDeploymentContextHandler.createContainerContext
    			(O) ContainerLifecycleController.setupContainer
    			(E) BeforeSetup
    				(O) ServerKillerExtension.beforeSuite
    			(E) ContainerImpl

org.eu.ingwar.tools.arquillian.extension.suite.extra.ExtensionExtraEjbTest STANDARD_ERROR
    Mar 24, 2015 12:27:14 PM org.jboss.arquillian.container.impl.MapObject populate
    WARNING: Configuration contain properties not supported by the backing object org.jboss.as.arquillian.container.remote.RemoteContainerConfiguration
    Unused property entries: {javaVmArguments=${env.ARQ_JVM_ARGS}, allowConnectingToRunningServer=true, jbossHome=/opt/devel/jboss/wildfly-8.2.0.Final}
    Supported property names: [managementPort, username, managementAddress, managementProtocol, password]

org.eu.ingwar.tools.arquillian.extension.suite.extra.ExtensionExtraEjbTest STANDARD_OUT
    			(E) AfterSetup
    	(E) StartSuiteContainers
    		(O) ContainerLifecycleController.startSuiteContainers
    		(E) StartContainer
    			(I) ContainerDeploymentContextHandler.createContainerContext
    			(O) ContainerLifecycleController.startContainer
    			(E) BeforeStart
    			(E) ManagementClient
    			(E) ArchiveDeployer
    			(E) InitialContext
    			(E) AfterStart
    	(O) SuiteDeployer.startup

org.eu.ingwar.tools.arquillian.extension.suite.extra.ExtensionExtraEjbTest STANDARD_ERROR
    Mar 24, 2015 12:27:14 PM org.eu.ingwar.tools.arquillian.extension.suite.ArquillianSuiteExtension$SuiteDeployer debug
    WARNING: Catching AfterStart event org.jboss.arquillian.test.spi.event.suite.BeforeSuite@439ddf4e

org.eu.ingwar.tools.arquillian.extension.suite.extra.ExtensionExtraEjbTest STANDARD_OUT
    	(E) GenerateDeployment
    		(I) SuiteDeployer.blockGenerateDeploymentWhenNeeded

org.eu.ingwar.tools.arquillian.extension.suite.extra.ExtensionExtraEjbTest STANDARD_ERROR
    Mar 24, 2015 12:27:14 PM org.eu.ingwar.tools.arquillian.extension.suite.ArquillianSuiteExtension$SuiteDeployer debug
    WARNING: NOT Blocking GenerateDeployment event org.jboss.arquillian.container.test.impl.client.deployment.event.GenerateDeployment@dd4fe75

org.eu.ingwar.tools.arquillian.extension.suite.extra.ExtensionExtraEjbTest STANDARD_OUT
    		(O) DeploymentGenerator.generateDeployment
    		(E) DeploymentScenario
    	(E) DeploymentScenario
    (E) BeforeClass
    	(I) TestContextHandler.createSuiteContext
    	(I) TestContextHandler.createClassContext
    	(E) TestClass
    	(O) ContainerRestarter.restart
    	(O) ContainerEventController.execute
    	(E) StartClassContainers
    		(O) ContainerLifecycleController.startClassContainers
    	(E) GenerateDeployment
    		(I) SuiteDeployer.blockGenerateDeploymentWhenNeeded

org.eu.ingwar.tools.arquillian.extension.suite.extra.ExtensionExtraEjbTest STANDARD_ERROR
    Mar 24, 2015 12:27:15 PM org.eu.ingwar.tools.arquillian.extension.suite.ArquillianSuiteExtension$SuiteDeployer debug
    WARNING: Blocking GenerateDeployment event org.jboss.arquillian.container.test.impl.client.deployment.event.GenerateDeployment@3851af4e

org.eu.ingwar.tools.arquillian.extension.suite.extra.ExtensionExtraEjbTest STANDARD_OUT
    	(E) DeployManagedDeployments
    		(I) SuiteDeployer.blockDeployManagedDeploymentsWhenNeeded

org.eu.ingwar.tools.arquillian.extension.suite.extra.ExtensionExtraEjbTest STANDARD_ERROR
    Mar 24, 2015 12:27:15 PM org.eu.ingwar.tools.arquillian.extension.suite.ArquillianSuiteExtension$SuiteDeployer debug
    WARNING: NOT Blocking DeployManagedDeployments event org.jboss.arquillian.container.spi.event.DeployManagedDeployments@7acc46c4

org.eu.ingwar.tools.arquillian.extension.suite.extra.ExtensionExtraEjbTest STANDARD_OUT
    		(O) ContainerDeployController.deployManaged
    		(E) DeployDeployment
    			(I) ContainerDeploymentContextHandler.createDeploymentContext
    			(I) ContainerDeploymentContextHandler.createContainerContext
    			(I) DeploymentExceptionHandler.verifyExpectedExceptionDuringDeploy
    			(O) ContainerDeployController.deploy
    			(E) DeploymentDescription
    			(E) Deployment
    			(E) BeforeDeploy
    				(O) ArquillianServiceDeployer.doServiceDeploy
    				(O) ArchiveDeploymentToolingExporter.export
    				(O) ServerSetupObserver.handleBeforeDeployment
    				(O) ArchiveDeploymentExporter.callback
    INFO  org.xnio: XNIO version 3.3.0.Final
    INFO  org.xnio.nio: XNIO NIO Implementation Version 3.3.0.Final
    DEBUG org.xnio.nio: Started channel thread 'Remoting "management-client" I/O-1', selector sun.nio.ch.EPollSelectorImpl@66cf439b
    INFO  org.jboss.remoting: JBoss Remoting version 4.0.6.Final
    DEBUG org.xnio.nio: Started channel thread 'Remoting "endpoint" I/O-1', selector sun.nio.ch.EPollSelectorImpl@12a83edb
    DEBUG org.jboss.remotingjmx.VersionedConectionFactory: Available version (Versions  0x00 0x01)
    DEBUG org.jboss.remotingjmx.VersionedConectionFactory: Calling a stable server
    DEBUG org.jboss.remotingjmx.VersionedConectionFactory: Selecting version 0x00 to receive full version list.
    DEBUG org.jboss.remotingjmx.VersionedConectionFactory: Available version (Versions  0x01 0x02)
    DEBUG org.jboss.remotingjmx.VersionedConectionFactory: Calling a stable server
    DEBUG org.jboss.remotingjmx.VersionedConectionFactory: Server version 2.0.0.Final
    			(E) ProtocolMetaData
    			(E) AfterDeploy
    		(E) DeployDeployment
    			(I) ContainerDeploymentContextHandler.createDeploymentContext
    			(I) ContainerDeploymentContextHandler.createContainerContext
    			(I) DeploymentExceptionHandler.verifyExpectedExceptionDuringDeploy
    			(O) ContainerDeployController.deploy
    			(E) DeploymentDescription
    			(E) Deployment
    			(E) BeforeDeploy
    				(O) ArquillianServiceDeployer.doServiceDeploy
    				(O) ArchiveDeploymentToolingExporter.export
    				(O) ServerSetupObserver.handleBeforeDeployment
    				(O) ArchiveDeploymentExporter.callback
    			(E) ProtocolMetaData
    			(E) AfterDeploy
    	(O) ClientBeforeAfterLifecycleEventExecuter.on

org.eu.ingwar.tools.arquillian.extension.suite.extra.ExtensionExtraEjbTest > shouldInject STANDARD_OUT
    (E) BeforeRules
    	(I) TestContextHandler.createSuiteContext
    	(I) TestContextHandler.createClassContext
    	(E) TestClass
    	(I) TestContextHandler.createTestContext
    	(I) ContainerEventController.createBeforeContext
    	(O) ClientBeforeAfterLifecycleEventExecuter.on
    (E) Before
    	(I) TestContextHandler.createSuiteContext
    	(I) TestContextHandler.createClassContext
    	(E) TestClass
    	(I) TestContextHandler.createTestContext
    	(I) ContainerEventController.createBeforeContext
    	(O) TestInstanceEnricher.enrich
    	(O) ClientBeforeAfterLifecycleEventExecuter.on
    (E) Test
    	(I) TestContextHandler.createSuiteContext
    	(I) TestContextHandler.createClassContext
    	(E) TestClass
    	(I) TestContextHandler.createTestContext
    	(I) ContainerEventController.createTestContext
    	(O) ClientTestExecuter.execute
    	(E) RemoteExecutionEvent
    		(O) RemoteTestExecuter.execute
    		(E) TestResult
    (E) After
    	(I) TestContextHandler.createSuiteContext
    	(I) TestContextHandler.createClassContext
    	(E) TestClass
    	(I) TestContextHandler.createTestContext
    	(I) UpdateTestResultBeforeAfter.update
    	(I) ContainerEventController.createAfterContext
    	(O) ClientBeforeAfterLifecycleEventExecuter.on
    (E) AfterRules
    	(I) TestContextHandler.createSuiteContext
    	(I) TestContextHandler.createClassContext
    	(E) TestClass
    	(I) TestContextHandler.createTestContext
    	(I) UpdateTestResultBeforeAfter.update
    	(I) ContainerEventController.createAfterContext
    	(O) ClientBeforeAfterLifecycleEventExecuter.on

org.eu.ingwar.tools.arquillian.extension.suite.extra.ExtensionExtraEjbTest STANDARD_OUT
    (E) AfterClass
    	(I) TestContextHandler.createSuiteContext
    	(I) TestContextHandler.createClassContext
    	(E) TestClass
    	(O) ClientBeforeAfterLifecycleEventExecuter.on
    afterClass
    	(O) ServerSetupObserver.afterTestClass
    	(O) ContainerEventController.execute
    	(E) UnDeployManagedDeployments
    		(I) SuiteDeployer.blockUnDeployManagedDeploymentsWhenNeeded

org.eu.ingwar.tools.arquillian.extension.suite.extra.ExtensionExtraEjbTest STANDARD_ERROR
    Mar 24, 2015 12:27:23 PM org.eu.ingwar.tools.arquillian.extension.suite.ArquillianSuiteExtension$SuiteDeployer debug
    WARNING: Blocking UnDeployManagedDeployments event org.jboss.arquillian.container.spi.event.UnDeployManagedDeployments@abb9c4f

org.eu.ingwar.tools.arquillian.extension.suite.extra.ExtensionExtraEjbTest STANDARD_OUT
    	(E) StopManualContainers
    		(O) ContainerLifecycleController.stopManualContainers
    	(E) StopClassContainers
    		(O) ContainerLifecycleController.stopClassContainers

org.eu.ingwar.tools.arquillian.extension.suite.extra.ExtensionExtra1Test STANDARD_OUT
    (E) BeforeClass
    	(I) TestContextHandler.createSuiteContext
    	(I) TestContextHandler.createClassContext
    	(E) TestClass
    	(O) ContainerRestarter.restart
    	(O) ContainerEventController.execute
    	(E) StartClassContainers
    		(O) ContainerLifecycleController.startClassContainers
    	(E) GenerateDeployment
    		(I) SuiteDeployer.blockGenerateDeploymentWhenNeeded

org.eu.ingwar.tools.arquillian.extension.suite.extra.ExtensionExtra1Test STANDARD_ERROR
    Mar 24, 2015 12:27:23 PM org.eu.ingwar.tools.arquillian.extension.suite.ArquillianSuiteExtension$SuiteDeployer debug
    WARNING: Blocking GenerateDeployment event org.jboss.arquillian.container.test.impl.client.deployment.event.GenerateDeployment@260a905c

org.eu.ingwar.tools.arquillian.extension.suite.extra.ExtensionExtra1Test STANDARD_OUT
    	(E) DeployManagedDeployments
    		(I) SuiteDeployer.blockDeployManagedDeploymentsWhenNeeded

org.eu.ingwar.tools.arquillian.extension.suite.extra.ExtensionExtra1Test STANDARD_ERROR
    Mar 24, 2015 12:27:23 PM org.eu.ingwar.tools.arquillian.extension.suite.ArquillianSuiteExtension$SuiteDeployer debug
    WARNING: Blocking DeployManagedDeployments event org.jboss.arquillian.container.spi.event.DeployManagedDeployments@7f8b9b86

org.eu.ingwar.tools.arquillian.extension.suite.extra.ExtensionExtra1Test STANDARD_OUT
    	(O) ClientBeforeAfterLifecycleEventExecuter.on

org.eu.ingwar.tools.arquillian.extension.suite.extra.ExtensionExtra1Test > shouldInject STANDARD_OUT
    (E) BeforeRules
    	(I) TestContextHandler.createSuiteContext
    	(I) TestContextHandler.createClassContext
    	(E) TestClass
    	(I) TestContextHandler.createTestContext
    	(I) ContainerEventController.createBeforeContext
    	(O) ClientBeforeAfterLifecycleEventExecuter.on
    (E) Before
    	(I) TestContextHandler.createSuiteContext
    	(I) TestContextHandler.createClassContext
    	(E) TestClass
    	(I) TestContextHandler.createTestContext
    	(I) ContainerEventController.createBeforeContext
    	(O) TestInstanceEnricher.enrich
    	(O) ClientBeforeAfterLifecycleEventExecuter.on
    (E) Test
    	(I) TestContextHandler.createSuiteContext
    	(I) TestContextHandler.createClassContext
    	(E) TestClass
    	(I) TestContextHandler.createTestContext
    	(I) ContainerEventController.createTestContext
    	(O) ClientTestExecuter.execute
    	(E) RemoteExecutionEvent
    		(O) RemoteTestExecuter.execute
    		(E) TestResult
    (E) After
    	(I) TestContextHandler.createSuiteContext
    	(I) TestContextHandler.createClassContext
    	(E) TestClass
    	(I) TestContextHandler.createTestContext
    	(I) UpdateTestResultBeforeAfter.update
    	(I) ContainerEventController.createAfterContext
    	(O) ClientBeforeAfterLifecycleEventExecuter.on
    (E) AfterRules
    	(I) TestContextHandler.createSuiteContext
    	(I) TestContextHandler.createClassContext
    	(E) TestClass
    	(I) TestContextHandler.createTestContext
    	(I) UpdateTestResultBeforeAfter.update
    	(I) ContainerEventController.createAfterContext
    	(O) ClientBeforeAfterLifecycleEventExecuter.on

org.eu.ingwar.tools.arquillian.extension.suite.extra.ExtensionExtra1Test STANDARD_OUT
    (E) AfterClass
    	(I) TestContextHandler.createSuiteContext
    	(I) TestContextHandler.createClassContext
    	(E) TestClass
    	(O) ClientBeforeAfterLifecycleEventExecuter.on
    	(O) ServerSetupObserver.afterTestClass
    	(O) ContainerEventController.execute
    	(E) UnDeployManagedDeployments
    		(I) SuiteDeployer.blockUnDeployManagedDeploymentsWhenNeeded

org.eu.ingwar.tools.arquillian.extension.suite.extra.ExtensionExtra1Test STANDARD_ERROR
    Mar 24, 2015 12:27:23 PM org.eu.ingwar.tools.arquillian.extension.suite.ArquillianSuiteExtension$SuiteDeployer debug
    WARNING: Blocking UnDeployManagedDeployments event org.jboss.arquillian.container.spi.event.UnDeployManagedDeployments@3a5b596

org.eu.ingwar.tools.arquillian.extension.suite.extra.ExtensionExtra1Test STANDARD_OUT
    	(E) StopManualContainers
    		(O) ContainerLifecycleController.stopManualContainers
    	(E) StopClassContainers
    		(O) ContainerLifecycleController.stopClassContainers

org.eu.ingwar.tools.arquillian.extension.suite.normal.Extension2Test STANDARD_OUT
    (E) BeforeClass
    	(I) TestContextHandler.createSuiteContext
    	(I) TestContextHandler.createClassContext
    	(E) TestClass
    	(O) ContainerRestarter.restart
    	(O) ContainerEventController.execute
    	(E) StartClassContainers
    		(O) ContainerLifecycleController.startClassContainers
    	(E) GenerateDeployment
    		(I) SuiteDeployer.blockGenerateDeploymentWhenNeeded

org.eu.ingwar.tools.arquillian.extension.suite.normal.Extension2Test STANDARD_ERROR
    Mar 24, 2015 12:27:23 PM org.eu.ingwar.tools.arquillian.extension.suite.ArquillianSuiteExtension$SuiteDeployer debug
    WARNING: Blocking GenerateDeployment event org.jboss.arquillian.container.test.impl.client.deployment.event.GenerateDeployment@6e09e82d

org.eu.ingwar.tools.arquillian.extension.suite.normal.Extension2Test STANDARD_OUT
    	(E) DeployManagedDeployments
    		(I) SuiteDeployer.blockDeployManagedDeploymentsWhenNeeded

org.eu.ingwar.tools.arquillian.extension.suite.normal.Extension2Test STANDARD_ERROR
    Mar 24, 2015 12:27:23 PM org.eu.ingwar.tools.arquillian.extension.suite.ArquillianSuiteExtension$SuiteDeployer debug
    WARNING: Blocking DeployManagedDeployments event org.jboss.arquillian.container.spi.event.DeployManagedDeployments@4c6a1acb

org.eu.ingwar.tools.arquillian.extension.suite.normal.Extension2Test STANDARD_OUT
    	(O) ClientBeforeAfterLifecycleEventExecuter.on

org.eu.ingwar.tools.arquillian.extension.suite.normal.Extension2Test > shouldInject STANDARD_OUT
    (E) BeforeRules
    	(I) TestContextHandler.createSuiteContext
    	(I) TestContextHandler.createClassContext
    	(E) TestClass
    	(I) TestContextHandler.createTestContext
    	(I) ContainerEventController.createBeforeContext
    	(O) ClientBeforeAfterLifecycleEventExecuter.on
    (E) Before
    	(I) TestContextHandler.createSuiteContext
    	(I) TestContextHandler.createClassContext
    	(E) TestClass
    	(I) TestContextHandler.createTestContext
    	(I) ContainerEventController.createBeforeContext
    	(O) TestInstanceEnricher.enrich
    	(O) ClientBeforeAfterLifecycleEventExecuter.on
    (E) Test
    	(I) TestContextHandler.createSuiteContext
    	(I) TestContextHandler.createClassContext
    	(E) TestClass
    	(I) TestContextHandler.createTestContext
    	(I) ContainerEventController.createTestContext
    	(O) ClientTestExecuter.execute
    	(E) RemoteExecutionEvent
    		(O) RemoteTestExecuter.execute
    		(E) TestResult
    (E) After
    	(I) TestContextHandler.createSuiteContext
    	(I) TestContextHandler.createClassContext
    	(E) TestClass
    	(I) TestContextHandler.createTestContext
    	(I) UpdateTestResultBeforeAfter.update
    	(I) ContainerEventController.createAfterContext
    	(O) ClientBeforeAfterLifecycleEventExecuter.on
    (E) AfterRules
    	(I) TestContextHandler.createSuiteContext
    	(I) TestContextHandler.createClassContext
    	(E) TestClass
    	(I) TestContextHandler.createTestContext
    	(I) UpdateTestResultBeforeAfter.update
    	(I) ContainerEventController.createAfterContext
    	(O) ClientBeforeAfterLifecycleEventExecuter.on

org.eu.ingwar.tools.arquillian.extension.suite.normal.Extension2Test STANDARD_OUT
    (E) AfterClass
    	(I) TestContextHandler.createSuiteContext
    	(I) TestContextHandler.createClassContext
    	(E) TestClass
    	(O) ClientBeforeAfterLifecycleEventExecuter.on
    afterClass
    	(O) ServerSetupObserver.afterTestClass
    	(O) ContainerEventController.execute
    	(E) UnDeployManagedDeployments
    		(I) SuiteDeployer.blockUnDeployManagedDeploymentsWhenNeeded

org.eu.ingwar.tools.arquillian.extension.suite.normal.Extension2Test STANDARD_ERROR
    Mar 24, 2015 12:27:24 PM org.eu.ingwar.tools.arquillian.extension.suite.ArquillianSuiteExtension$SuiteDeployer debug
    WARNING: Blocking UnDeployManagedDeployments event org.jboss.arquillian.container.spi.event.UnDeployManagedDeployments@3b381842

org.eu.ingwar.tools.arquillian.extension.suite.normal.Extension2Test STANDARD_OUT
    	(E) StopManualContainers
    		(O) ContainerLifecycleController.stopManualContainers
    	(E) StopClassContainers
    		(O) ContainerLifecycleController.stopClassContainers

org.eu.ingwar.tools.arquillian.extension.suite.normal.Extension1Test STANDARD_OUT
    (E) BeforeClass
    	(I) TestContextHandler.createSuiteContext
    	(I) TestContextHandler.createClassContext
    	(E) TestClass
    	(O) ContainerRestarter.restart
    	(O) ContainerEventController.execute
    	(E) StartClassContainers
    		(O) ContainerLifecycleController.startClassContainers
    	(E) GenerateDeployment
    		(I) SuiteDeployer.blockGenerateDeploymentWhenNeeded

org.eu.ingwar.tools.arquillian.extension.suite.normal.Extension1Test STANDARD_ERROR
    Mar 24, 2015 12:27:24 PM org.eu.ingwar.tools.arquillian.extension.suite.ArquillianSuiteExtension$SuiteDeployer debug
    WARNING: Blocking GenerateDeployment event org.jboss.arquillian.container.test.impl.client.deployment.event.GenerateDeployment@6443ea37

org.eu.ingwar.tools.arquillian.extension.suite.normal.Extension1Test STANDARD_OUT
    	(E) DeployManagedDeployments
    		(I) SuiteDeployer.blockDeployManagedDeploymentsWhenNeeded

org.eu.ingwar.tools.arquillian.extension.suite.normal.Extension1Test STANDARD_ERROR
    Mar 24, 2015 12:27:24 PM org.eu.ingwar.tools.arquillian.extension.suite.ArquillianSuiteExtension$SuiteDeployer debug
    WARNING: Blocking DeployManagedDeployments event org.jboss.arquillian.container.spi.event.DeployManagedDeployments@26c5f44e

org.eu.ingwar.tools.arquillian.extension.suite.normal.Extension1Test STANDARD_OUT
    	(O) ClientBeforeAfterLifecycleEventExecuter.on

org.eu.ingwar.tools.arquillian.extension.suite.normal.Extension1Test > shouldInject STANDARD_OUT
    (E) BeforeRules
    	(I) TestContextHandler.createSuiteContext
    	(I) TestContextHandler.createClassContext
    	(E) TestClass
    	(I) TestContextHandler.createTestContext
    	(I) ContainerEventController.createBeforeContext
    	(O) ClientBeforeAfterLifecycleEventExecuter.on
    (E) Before
    	(I) TestContextHandler.createSuiteContext
    	(I) TestContextHandler.createClassContext
    	(E) TestClass
    	(I) TestContextHandler.createTestContext
    	(I) ContainerEventController.createBeforeContext
    	(O) TestInstanceEnricher.enrich
    	(O) ClientBeforeAfterLifecycleEventExecuter.on
    (E) Test
    	(I) TestContextHandler.createSuiteContext
    	(I) TestContextHandler.createClassContext
    	(E) TestClass
    	(I) TestContextHandler.createTestContext
    	(I) ContainerEventController.createTestContext
    	(O) ClientTestExecuter.execute
    	(E) RemoteExecutionEvent
    		(O) RemoteTestExecuter.execute
    		(E) TestResult
    (E) After
    	(I) TestContextHandler.createSuiteContext
    	(I) TestContextHandler.createClassContext
    	(E) TestClass
    	(I) TestContextHandler.createTestContext
    	(I) UpdateTestResultBeforeAfter.update
    	(I) ContainerEventController.createAfterContext
    	(O) ClientBeforeAfterLifecycleEventExecuter.on
    (E) AfterRules
    	(I) TestContextHandler.createSuiteContext
    	(I) TestContextHandler.createClassContext
    	(E) TestClass
    	(I) TestContextHandler.createTestContext
    	(I) UpdateTestResultBeforeAfter.update
    	(I) ContainerEventController.createAfterContext
    	(O) ClientBeforeAfterLifecycleEventExecuter.on

org.eu.ingwar.tools.arquillian.extension.suite.normal.Extension1Test STANDARD_OUT
    (E) AfterClass
    	(I) TestContextHandler.createSuiteContext
    	(I) TestContextHandler.createClassContext
    	(E) TestClass
    	(O) ClientBeforeAfterLifecycleEventExecuter.on
    afterClass
    	(O) ServerSetupObserver.afterTestClass
    	(O) ContainerEventController.execute
    	(E) UnDeployManagedDeployments
    		(I) SuiteDeployer.blockUnDeployManagedDeploymentsWhenNeeded

org.eu.ingwar.tools.arquillian.extension.suite.normal.Extension1Test STANDARD_ERROR
    Mar 24, 2015 12:27:24 PM org.eu.ingwar.tools.arquillian.extension.suite.ArquillianSuiteExtension$SuiteDeployer debug
    WARNING: Blocking UnDeployManagedDeployments event org.jboss.arquillian.container.spi.event.UnDeployManagedDeployments@e4f12ec

org.eu.ingwar.tools.arquillian.extension.suite.normal.Extension1Test STANDARD_OUT
    	(E) StopManualContainers
    		(O) ContainerLifecycleController.stopManualContainers
    	(E) StopClassContainers
    		(O) ContainerLifecycleController.stopClassContainers

BUILD SUCCESSFUL

Total time: 16.383 secs
